# JRE version: Java(TM) SE Runtime Environment (8.0_05-b13) (build 1.8.0_05-b13)
# Java VM: Java HotSpot(TM) 64-Bit Server VM (25.5-b02 mixed mode bsd-amd64 compressed oops)
Heap:
 PSYoungGen      total 15360K, used 12573K [0x000000016ef80000, 0x0000000170c00000, 0x0000000199a00000)
  eden space 12288K, 77% used [0x000000016ef80000,0x000000016f8cf698,0x000000016fb80000)
  from space 3072K, 98% used [0x000000016fb80000,0x000000016fe78060,0x000000016fe80000)
  to   space 4608K, 0% used [0x0000000170780000,0x0000000170780000,0x0000000170c00000)
 ParOldGen       total 129536K, used 7441K [0x0000000119a00000, 0x0000000121880000, 0x000000016ef80000)
  object space 129536K, 5% used [0x0000000119a00000,0x000000011a144650,0x0000000121880000)
 Metaspace       used 11557K, capacity 11736K, committed 12032K, reserved 1060864K
  class space    used 1385K, capacity 1440K, committed 1536K, reserved 1048576K
GC Heap History (10 events):
Event: 4.797 GC heap before
{Heap before GC invocations=7 (full 0):
 PSYoungGen      total 5632K, used 5150K [0x000000016ef80000, 0x000000016f680000, 0x0000000199a00000)
  eden space 4096K, 99% used [0x000000016ef80000,0x000000016f37e988,0x000000016f380000)
  from space 1536K, 68% used [0x000000016f500000,0x000000016f608f20,0x000000016f680000)
  to   space 1536K, 0% used [0x000000016f380000,0x000000016f380000,0x000000016f500000)
 ParOldGen       total 129536K, used 1121K [0x0000000119a00000, 0x0000000121880000, 0x000000016ef80000)
  object space 129536K, 0% used [0x0000000119a00000,0x0000000119b18758,0x0000000121880000)
 Metaspace       used 7121K, capacity 7232K, committed 7296K, reserved 1056768K
  class space    used 830K, capacity 856K, committed 896K, reserved 1048576K
Event: 4.800 GC heap after
Heap after GC invocations=7 (full 0):
 PSYoungGen      total 5632K, used 1104K [0x000000016ef80000, 0x000000016fa80000, 0x0000000199a00000)
  eden space 4096K, 0% used [0x000000016ef80000,0x000000016ef80000,0x000000016f380000)
  from space 1536K, 71% used [0x000000016f380000,0x000000016f4941a0,0x000000016f500000)
  to   space 1536K, 0% used [0x000000016f900000,0x000000016f900000,0x000000016fa80000)
 ParOldGen       total 129536K, used 1345K [0x0000000119a00000, 0x0000000121880000, 0x000000016ef80000)
  object space 129536K, 1% used [0x0000000119a00000,0x0000000119b50798,0x0000000121880000)
 Metaspace       used 7121K, capacity 7232K, committed 7296K, reserved 1056768K
  class space    used 830K, capacity 856K, committed 896K, reserved 1048576K
}
Event: 4.866 GC heap before
{Heap before GC invocations=8 (full 0):
 PSYoungGen      total 5632K, used 5200K [0x000000016ef80000, 0x000000016fa80000, 0x0000000199a00000)
  eden space 4096K, 100% used [0x000000016ef80000,0x000000016f380000,0x000000016f380000)
  from space 1536K, 71% used [0x000000016f380000,0x000000016f4941a0,0x000000016f500000)
  to   space 1536K, 0% used [0x000000016f900000,0x000000016f900000,0x000000016fa80000)
 ParOldGen       total 129536K, used 1345K [0x0000000119a00000, 0x0000000121880000, 0x000000016ef80000)
  object space 129536K, 1% used [0x0000000119a00000,0x0000000119b50798,0x0000000121880000)
 Metaspace       used 8066K, capacity 8224K, committed 8448K, reserved 1056768K
  class space    used 966K, capacity 1016K, committed 1024K, reserved 1048576K
Event: 4.868 GC heap after
Heap after GC invocations=8 (full 0):
 PSYoungGen      total 9728K, used 1312K [0x000000016ef80000, 0x000000016fa80000, 0x0000000199a00000)
  eden space 8192K, 0% used [0x000000016ef80000,0x000000016ef80000,0x000000016f780000)
  from space 1536K, 85% used [0x000000016f900000,0x000000016fa48040,0x000000016fa80000)
  to   space 1536K, 0% used [0x000000016f780000,0x000000016f780000,0x000000016f900000)
 ParOldGen       total 129536K, used 1465K [0x0000000119a00000, 0x0000000121880000, 0x000000016ef80000)
  object space 129536K, 1% used [0x0000000119a00000,0x0000000119b6e798,0x0000000121880000)
 Metaspace       used 8066K, capacity 8224K, committed 8448K, reserved 1056768K
  class space    used 966K, capacity 1016K, committed 1024K, reserved 1048576K
}
Event: 4.974 GC heap before
{Heap before GC invocations=9 (full 0):
 PSYoungGen      total 9728K, used 9447K [0x000000016ef80000, 0x000000016fa80000, 0x0000000199a00000)
  eden space 8192K, 99% used [0x000000016ef80000,0x000000016f771c48,0x000000016f780000)
  from space 1536K, 85% used [0x000000016f900000,0x000000016fa48040,0x000000016fa80000)
  to   space 1536K, 0% used [0x000000016f780000,0x000000016f780000,0x000000016f900000)
 ParOldGen       total 129536K, used 1465K [0x0000000119a00000, 0x0000000121880000, 0x000000016ef80000)
  object space 129536K, 1% used [0x0000000119a00000,0x0000000119b6e798,0x0000000121880000)
 Metaspace       used 9630K, capacity 9792K, committed 9984K, reserved 1058816K
  class space    used 1177K, capacity 1240K, committed 1280K, reserved 1048576K
Event: 4.976 GC heap after
Heap after GC invocations=9 (full 0):
 PSYoungGen      total 9728K, used 1439K [0x000000016ef80000, 0x0000000170080000, 0x0000000199a00000)
  eden space 8192K, 0% used [0x000000016ef80000,0x000000016ef80000,0x000000016f780000)
  from space 1536K, 93% used [0x000000016f780000,0x000000016f8e7c50,0x000000016f900000)
  to   space 2048K, 0% used [0x000000016fe80000,0x000000016fe80000,0x0000000170080000)
 ParOldGen       total 129536K, used 1849K [0x0000000119a00000, 0x0000000121880000, 0x000000016ef80000)
  object space 129536K, 1% used [0x0000000119a00000,0x0000000119bce7c8,0x0000000121880000)
 Metaspace       used 9630K, capacity 9792K, committed 9984K, reserved 1058816K
  class space    used 1177K, capacity 1240K, committed 1280K, reserved 1048576K
}
Event: 5.077 GC heap before
{Heap before GC invocations=10 (full 0):
 PSYoungGen      total 9728K, used 9631K [0x000000016ef80000, 0x0000000170080000, 0x0000000199a00000)
  eden space 8192K, 100% used [0x000000016ef80000,0x000000016f780000,0x000000016f780000)
  from space 1536K, 93% used [0x000000016f780000,0x000000016f8e7c50,0x000000016f900000)
  to   space 2048K, 0% used [0x000000016fe80000,0x000000016fe80000,0x0000000170080000)
 ParOldGen       total 129536K, used 1849K [0x0000000119a00000, 0x0000000121880000, 0x000000016ef80000)
  object space 129536K, 1% used [0x0000000119a00000,0x0000000119bce7c8,0x0000000121880000)
 Metaspace       used 10421K, capacity 10560K, committed 10880K, reserved 1058816K
  class space    used 1267K, capacity 1304K, committed 1408K, reserved 1048576K
Event: 5.082 GC heap after
Heap after GC invocations=10 (full 0):
 PSYoungGen      total 14336K, used 2017K [0x000000016ef80000, 0x0000000170280000, 0x0000000199a00000)
  eden space 12288K, 0% used [0x000000016ef80000,0x000000016ef80000,0x000000016fb80000)
  from space 2048K, 98% used [0x000000016fe80000,0x0000000170078798,0x0000000170080000)
  to   space 3072K, 0% used [0x000000016fb80000,0x000000016fb80000,0x000000016fe80000)
 ParOldGen       total 129536K, used 4500K [0x0000000119a00000, 0x0000000121880000, 0x000000016ef80000)
  object space 129536K, 3% used [0x0000000119a00000,0x0000000119e65058,0x0000000121880000)
 Metaspace       used 10421K, capacity 10560K, committed 10880K, reserved 1058816K
  class space    used 1267K, capacity 1304K, committed 1408K, reserved 1048576K
}
Event: 5.255 GC heap before
{Heap before GC invocations=11 (full 0):
 PSYoungGen      total 14336K, used 14305K [0x000000016ef80000, 0x0000000170280000, 0x0000000199a00000)
  eden space 12288K, 100% used [0x000000016ef80000,0x000000016fb80000,0x000000016fb80000)
  from space 2048K, 98% used [0x000000016fe80000,0x0000000170078798,0x0000000170080000)
  to   space 3072K, 0% used [0x000000016fb80000,0x000000016fb80000,0x000000016fe80000)
 ParOldGen       total 129536K, used 4500K [0x0000000119a00000, 0x0000000121880000, 0x000000016ef80000)
  object space 129536K, 3% used [0x0000000119a00000,0x0000000119e65058,0x0000000121880000)
 Metaspace       used 11353K, capacity 11462K, committed 11776K, reserved 1058816K
  class space    used 1381K, capacity 1434K, committed 1536K, reserved 1048576K
Event: 5.268 GC heap after
Heap after GC invocations=11 (full 0):
 PSYoungGen      total 15360K, used 3040K [0x000000016ef80000, 0x0000000170c00000, 0x0000000199a00000)
  eden space 12288K, 0% used [0x000000016ef80000,0x000000016ef80000,0x000000016fb80000)
  from space 3072K, 98% used [0x000000016fb80000,0x000000016fe78060,0x000000016fe80000)
  to   space 4608K, 0% used [0x0000000170780000,0x0000000170780000,0x0000000170c00000)
 ParOldGen       total 129536K, used 7441K [0x0000000119a00000, 0x0000000121880000, 0x000000016ef80000)
  object space 129536K, 5% used [0x0000000119a00000,0x000000011a144650,0x0000000121880000)
 Metaspace       used 11353K, capacity 11462K, committed 11776K, reserved 1058816K
  class space    used 1381K, capacity 1434K, committed 1536K, reserved 1048576K
}

