# JRE version: Java(TM) SE Runtime Environment (8.0_05-b13) (build 1.8.0_05-b13)
# Java VM: Java HotSpot(TM) 64-Bit Server VM (25.5-b02 mixed mode bsd-amd64 compressed oops)
Heap:
 PSYoungGen      total 22016K, used 4069K [0x0000000795580000, 0x0000000796f80000, 0x00000007c0000000)
  eden space 17408K, 6% used [0x0000000795580000,0x000000079569be40,0x0000000796680000)
  from space 4608K, 63% used [0x0000000796b00000,0x0000000796ddd740,0x0000000796f80000)
  to   space 4608K, 0% used [0x0000000796680000,0x0000000796680000,0x0000000796b00000)
 ParOldGen       total 129536K, used 9216K [0x0000000740000000, 0x0000000747e80000, 0x0000000795580000)
  object space 129536K, 7% used [0x0000000740000000,0x00000007409000f0,0x0000000747e80000)
 Metaspace       used 11546K, capacity 11736K, committed 12032K, reserved 1060864K
  class space    used 1385K, capacity 1440K, committed 1536K, reserved 1048576K
GC Heap History (10 events):
Event: 18.039 GC heap before
{Heap before GC invocations=8 (full 0):
 PSYoungGen      total 5632K, used 5204K [0x0000000795580000, 0x0000000796080000, 0x00000007c0000000)
  eden space 4096K, 100% used [0x0000000795580000,0x0000000795980000,0x0000000795980000)
  from space 1536K, 72% used [0x0000000795980000,0x0000000795a950e8,0x0000000795b00000)
  to   space 1536K, 0% used [0x0000000795f00000,0x0000000795f00000,0x0000000796080000)
 ParOldGen       total 129536K, used 1338K [0x0000000740000000, 0x0000000747e80000, 0x0000000795580000)
  object space 129536K, 1% used [0x0000000740000000,0x000000074014e830,0x0000000747e80000)
 Metaspace       used 8062K, capacity 8224K, committed 8448K, reserved 1056768K
  class space    used 967K, capacity 1016K, committed 1024K, reserved 1048576K
Event: 18.041 GC heap after
Heap after GC invocations=8 (full 0):
 PSYoungGen      total 9216K, used 1344K [0x0000000795580000, 0x0000000796180000, 0x00000007c0000000)
  eden space 7680K, 0% used [0x0000000795580000,0x0000000795580000,0x0000000795d00000)
  from space 1536K, 87% used [0x0000000795f00000,0x0000000796050040,0x0000000796080000)
  to   space 2048K, 0% used [0x0000000795d00000,0x0000000795d00000,0x0000000795f00000)
 ParOldGen       total 129536K, used 1466K [0x0000000740000000, 0x0000000747e80000, 0x0000000795580000)
  object space 129536K, 1% used [0x0000000740000000,0x000000074016e830,0x0000000747e80000)
 Metaspace       used 8062K, capacity 8224K, committed 8448K, reserved 1056768K
  class space    used 967K, capacity 1016K, committed 1024K, reserved 1048576K
}
Event: 18.139 GC heap before
{Heap before GC invocations=9 (full 0):
 PSYoungGen      total 9216K, used 9002K [0x0000000795580000, 0x0000000796180000, 0x00000007c0000000)
  eden space 7680K, 99% used [0x0000000795580000,0x0000000795cfa918,0x0000000795d00000)
  from space 1536K, 87% used [0x0000000795f00000,0x0000000796050040,0x0000000796080000)
  to   space 2048K, 0% used [0x0000000795d00000,0x0000000795d00000,0x0000000795f00000)
 ParOldGen       total 129536K, used 1466K [0x0000000740000000, 0x0000000747e80000, 0x0000000795580000)
  object space 129536K, 1% used [0x0000000740000000,0x000000074016e830,0x0000000747e80000)
 Metaspace       used 9514K, capacity 9632K, committed 9728K, reserved 1058816K
  class space    used 1169K, capacity 1208K, committed 1280K, reserved 1048576K
Event: 18.141 GC heap after
Heap after GC invocations=9 (full 0):
 PSYoungGen      total 9728K, used 1408K [0x0000000795580000, 0x0000000796580000, 0x00000007c0000000)
  eden space 7680K, 0% used [0x0000000795580000,0x0000000795580000,0x0000000795d00000)
  from space 2048K, 68% used [0x0000000795d00000,0x0000000795e60040,0x0000000795f00000)
  to   space 2048K, 0% used [0x0000000796380000,0x0000000796380000,0x0000000796580000)
 ParOldGen       total 129536K, used 1826K [0x0000000740000000, 0x0000000747e80000, 0x0000000795580000)
  object space 129536K, 1% used [0x0000000740000000,0x00000007401c8840,0x0000000747e80000)
 Metaspace       used 9514K, capacity 9632K, committed 9728K, reserved 1058816K
  class space    used 1169K, capacity 1208K, committed 1280K, reserved 1048576K
}
Event: 18.231 GC heap before
{Heap before GC invocations=10 (full 0):
 PSYoungGen      total 9728K, used 9088K [0x0000000795580000, 0x0000000796580000, 0x00000007c0000000)
  eden space 7680K, 100% used [0x0000000795580000,0x0000000795d00000,0x0000000795d00000)
  from space 2048K, 68% used [0x0000000795d00000,0x0000000795e60040,0x0000000795f00000)
  to   space 2048K, 0% used [0x0000000796380000,0x0000000796380000,0x0000000796580000)
 ParOldGen       total 129536K, used 1826K [0x0000000740000000, 0x0000000747e80000, 0x0000000795580000)
  object space 129536K, 1% used [0x0000000740000000,0x00000007401c8840,0x0000000747e80000)
 Metaspace       used 10399K, capacity 10560K, committed 10880K, reserved 1058816K
  class space    used 1267K, capacity 1304K, committed 1408K, reserved 1048576K
Event: 18.236 GC heap after
Heap after GC invocations=10 (full 0):
 PSYoungGen      total 12800K, used 2047K [0x0000000795580000, 0x0000000796880000, 0x00000007c0000000)
  eden space 10752K, 0% used [0x0000000795580000,0x0000000795580000,0x0000000796000000)
  from space 2048K, 99% used [0x0000000796380000,0x000000079657ff20,0x0000000796580000)
  to   space 3584K, 0% used [0x0000000796000000,0x0000000796000000,0x0000000796380000)
 ParOldGen       total 129536K, used 5384K [0x0000000740000000, 0x0000000747e80000, 0x0000000795580000)
  object space 129536K, 4% used [0x0000000740000000,0x0000000740542078,0x0000000747e80000)
 Metaspace       used 10399K, capacity 10560K, committed 10880K, reserved 1058816K
  class space    used 1267K, capacity 1304K, committed 1408K, reserved 1048576K
}
Event: 18.397 GC heap before
{Heap before GC invocations=11 (full 0):
 PSYoungGen      total 12800K, used 12758K [0x0000000795580000, 0x0000000796880000, 0x00000007c0000000)
  eden space 10752K, 99% used [0x0000000795580000,0x0000000795ff5bd0,0x0000000796000000)
  from space 2048K, 99% used [0x0000000796380000,0x000000079657ff20,0x0000000796580000)
  to   space 3584K, 0% used [0x0000000796000000,0x0000000796000000,0x0000000796380000)
 ParOldGen       total 129536K, used 5384K [0x0000000740000000, 0x0000000747e80000, 0x0000000795580000)
  object space 129536K, 4% used [0x0000000740000000,0x0000000740542078,0x0000000747e80000)
 Metaspace       used 11247K, capacity 11366K, committed 11392K, reserved 1058816K
  class space    used 1370K, capacity 1402K, committed 1408K, reserved 1048576K
Event: 18.402 GC heap after
Heap after GC invocations=11 (full 0):
 PSYoungGen      total 14336K, used 3555K [0x0000000795580000, 0x0000000796f80000, 0x00000007c0000000)
  eden space 10752K, 0% used [0x0000000795580000,0x0000000795580000,0x0000000796000000)
  from space 3584K, 99% used [0x0000000796000000,0x0000000796378ee0,0x0000000796380000)
  to   space 4608K, 0% used [0x0000000796b00000,0x0000000796b00000,0x0000000796f80000)
 ParOldGen       total 129536K, used 5942K [0x0000000740000000, 0x0000000747e80000, 0x0000000795580000)
  object space 129536K, 4% used [0x0000000740000000,0x00000007405cd8f0,0x0000000747e80000)
 Metaspace       used 11247K, capacity 11366K, committed 11392K, reserved 1058816K
  class space    used 1370K, capacity 1402K, committed 1408K, reserved 1048576K
}
Event: 18.768 GC heap before
{Heap before GC invocations=12 (full 0):
 PSYoungGen      total 14336K, used 14307K [0x0000000795580000, 0x0000000796f80000, 0x00000007c0000000)
  eden space 10752K, 100% used [0x0000000795580000,0x0000000796000000,0x0000000796000000)
  from space 3584K, 99% used [0x0000000796000000,0x0000000796378ee0,0x0000000796380000)
  to   space 4608K, 0% used [0x0000000796b00000,0x0000000796b00000,0x0000000796f80000)
 ParOldGen       total 129536K, used 5942K [0x0000000740000000, 0x0000000747e80000, 0x0000000795580000)
  object space 129536K, 4% used [0x0000000740000000,0x00000007405cd8f0,0x0000000747e80000)
 Metaspace       used 11490K, capacity 11666K, committed 11776K, reserved 1058816K
  class space    used 1384K, capacity 1438K, committed 1536K, reserved 1048576K
Event: 18.777 GC heap after
Heap after GC invocations=12 (full 0):
 PSYoungGen      total 22016K, used 2933K [0x0000000795580000, 0x0000000796f80000, 0x00000007c0000000)
  eden space 17408K, 0% used [0x0000000795580000,0x0000000795580000,0x0000000796680000)
  from space 4608K, 63% used [0x0000000796b00000,0x0000000796ddd740,0x0000000796f80000)
  to   space 4608K, 0% used [0x0000000796680000,0x0000000796680000,0x0000000796b00000)
 ParOldGen       total 129536K, used 9216K [0x0000000740000000, 0x0000000747e80000, 0x0000000795580000)
  object space 129536K, 7% used [0x0000000740000000,0x00000007409000f0,0x0000000747e80000)
 Metaspace       used 11490K, capacity 11666K, committed 11776K, reserved 1058816K
  class space    used 1384K, capacity 1438K, committed 1536K, reserved 1048576K
}

