# JRE version: Java(TM) SE Runtime Environment (8.0_05-b13) (build 1.8.0_05-b13)
# Java VM: Java HotSpot(TM) 64-Bit Server VM (25.5-b02 mixed mode bsd-amd64 compressed oops)
Heap:
 PSYoungGen      total 22016K, used 4014K [0x0000000795580000, 0x0000000796f80000, 0x00000007c0000000)
  eden space 17408K, 6% used [0x0000000795580000,0x0000000795688680,0x0000000796680000)
  from space 4608K, 64% used [0x0000000796b00000,0x0000000796de3540,0x0000000796f80000)
  to   space 4608K, 0% used [0x0000000796680000,0x0000000796680000,0x0000000796b00000)
 ParOldGen       total 129536K, used 9279K [0x0000000740000000, 0x0000000747e80000, 0x0000000795580000)
  object space 129536K, 7% used [0x0000000740000000,0x000000074090fff0,0x0000000747e80000)
 Metaspace       used 11521K, capacity 11736K, committed 12032K, reserved 1060864K
  class space    used 1383K, capacity 1440K, committed 1536K, reserved 1048576K
GC Heap History (10 events):
Event: 9.134 GC heap before
{Heap before GC invocations=8 (full 0):
 PSYoungGen      total 5632K, used 5248K [0x0000000795580000, 0x0000000796080000, 0x00000007c0000000)
  eden space 4096K, 100% used [0x0000000795580000,0x0000000795980000,0x0000000795980000)
  from space 1536K, 75% used [0x0000000795980000,0x0000000795aa0190,0x0000000795b00000)
  to   space 1536K, 0% used [0x0000000795f00000,0x0000000795f00000,0x0000000796080000)
 ParOldGen       total 129536K, used 1348K [0x0000000740000000, 0x0000000747e80000, 0x0000000795580000)
  object space 129536K, 1% used [0x0000000740000000,0x0000000740151340,0x0000000747e80000)
 Metaspace       used 8053K, capacity 8224K, committed 8448K, reserved 1056768K
  class space    used 965K, capacity 1016K, committed 1024K, reserved 1048576K
Event: 9.137 GC heap after
Heap after GC invocations=8 (full 0):
 PSYoungGen      total 9216K, used 1392K [0x0000000795580000, 0x0000000796180000, 0x00000007c0000000)
  eden space 7680K, 0% used [0x0000000795580000,0x0000000795580000,0x0000000795d00000)
  from space 1536K, 90% used [0x0000000795f00000,0x000000079605c070,0x0000000796080000)
  to   space 2048K, 0% used [0x0000000795d00000,0x0000000795d00000,0x0000000795f00000)
 ParOldGen       total 129536K, used 1468K [0x0000000740000000, 0x0000000747e80000, 0x0000000795580000)
  object space 129536K, 1% used [0x0000000740000000,0x000000074016f340,0x0000000747e80000)
 Metaspace       used 8053K, capacity 8224K, committed 8448K, reserved 1056768K
  class space    used 965K, capacity 1016K, committed 1024K, reserved 1048576K
}
Event: 9.286 GC heap before
{Heap before GC invocations=9 (full 0):
 PSYoungGen      total 9216K, used 9072K [0x0000000795580000, 0x0000000796180000, 0x00000007c0000000)
  eden space 7680K, 100% used [0x0000000795580000,0x0000000795d00000,0x0000000795d00000)
  from space 1536K, 90% used [0x0000000795f00000,0x000000079605c070,0x0000000796080000)
  to   space 2048K, 0% used [0x0000000795d00000,0x0000000795d00000,0x0000000795f00000)
 ParOldGen       total 129536K, used 1468K [0x0000000740000000, 0x0000000747e80000, 0x0000000795580000)
  object space 129536K, 1% used [0x0000000740000000,0x000000074016f340,0x0000000747e80000)
 Metaspace       used 9525K, capacity 9632K, committed 9728K, reserved 1058816K
  class space    used 1167K, capacity 1208K, committed 1280K, reserved 1048576K
Event: 9.288 GC heap after
Heap after GC invocations=9 (full 0):
 PSYoungGen      total 9728K, used 1408K [0x0000000795580000, 0x0000000796580000, 0x00000007c0000000)
  eden space 7680K, 0% used [0x0000000795580000,0x0000000795580000,0x0000000795d00000)
  from space 2048K, 68% used [0x0000000795d00000,0x0000000795e60020,0x0000000795f00000)
  to   space 2048K, 0% used [0x0000000796380000,0x0000000796380000,0x0000000796580000)
 ParOldGen       total 129536K, used 1828K [0x0000000740000000, 0x0000000747e80000, 0x0000000795580000)
  object space 129536K, 1% used [0x0000000740000000,0x00000007401c9380,0x0000000747e80000)
 Metaspace       used 9525K, capacity 9632K, committed 9728K, reserved 1058816K
  class space    used 1167K, capacity 1208K, committed 1280K, reserved 1048576K
}
Event: 9.415 GC heap before
{Heap before GC invocations=10 (full 0):
 PSYoungGen      total 9728K, used 9088K [0x0000000795580000, 0x0000000796580000, 0x00000007c0000000)
  eden space 7680K, 100% used [0x0000000795580000,0x0000000795d00000,0x0000000795d00000)
  from space 2048K, 68% used [0x0000000795d00000,0x0000000795e60020,0x0000000795f00000)
  to   space 2048K, 0% used [0x0000000796380000,0x0000000796380000,0x0000000796580000)
 ParOldGen       total 129536K, used 1828K [0x0000000740000000, 0x0000000747e80000, 0x0000000795580000)
  object space 129536K, 1% used [0x0000000740000000,0x00000007401c9380,0x0000000747e80000)
 Metaspace       used 10413K, capacity 10560K, committed 10880K, reserved 1058816K
  class space    used 1266K, capacity 1304K, committed 1408K, reserved 1048576K
Event: 9.420 GC heap after
Heap after GC invocations=10 (full 0):
 PSYoungGen      total 12800K, used 2047K [0x0000000795580000, 0x0000000796880000, 0x00000007c0000000)
  eden space 10752K, 0% used [0x0000000795580000,0x0000000795580000,0x0000000796000000)
  from space 2048K, 99% used [0x0000000796380000,0x000000079657ff20,0x0000000796580000)
  to   space 3584K, 0% used [0x0000000796000000,0x0000000796000000,0x0000000796380000)
 ParOldGen       total 129536K, used 5414K [0x0000000740000000, 0x0000000747e80000, 0x0000000795580000)
  object space 129536K, 4% used [0x0000000740000000,0x0000000740549980,0x0000000747e80000)
 Metaspace       used 10413K, capacity 10560K, committed 10880K, reserved 1058816K
  class space    used 1266K, capacity 1304K, committed 1408K, reserved 1048576K
}
Event: 9.609 GC heap before
{Heap before GC invocations=11 (full 0):
 PSYoungGen      total 12800K, used 12799K [0x0000000795580000, 0x0000000796880000, 0x00000007c0000000)
  eden space 10752K, 100% used [0x0000000795580000,0x0000000796000000,0x0000000796000000)
  from space 2048K, 99% used [0x0000000796380000,0x000000079657ff20,0x0000000796580000)
  to   space 3584K, 0% used [0x0000000796000000,0x0000000796000000,0x0000000796380000)
 ParOldGen       total 129536K, used 5414K [0x0000000740000000, 0x0000000747e80000, 0x0000000795580000)
  object space 129536K, 4% used [0x0000000740000000,0x0000000740549980,0x0000000747e80000)
 Metaspace       used 11266K, capacity 11366K, committed 11392K, reserved 1058816K
  class space    used 1368K, capacity 1402K, committed 1408K, reserved 1048576K
Event: 9.614 GC heap after
Heap after GC invocations=11 (full 0):
 PSYoungGen      total 14336K, used 3559K [0x0000000795580000, 0x0000000796f80000, 0x00000007c0000000)
  eden space 10752K, 0% used [0x0000000795580000,0x0000000795580000,0x0000000796000000)
  from space 3584K, 99% used [0x0000000796000000,0x0000000796379ee8,0x0000000796380000)
  to   space 4608K, 0% used [0x0000000796b00000,0x0000000796b00000,0x0000000796f80000)
 ParOldGen       total 129536K, used 5948K [0x0000000740000000, 0x0000000747e80000, 0x0000000795580000)
  object space 129536K, 4% used [0x0000000740000000,0x00000007405cf1f8,0x0000000747e80000)
 Metaspace       used 11266K, capacity 11366K, committed 11392K, reserved 1058816K
  class space    used 1368K, capacity 1402K, committed 1408K, reserved 1048576K
}
Event: 10.019 GC heap before
{Heap before GC invocations=12 (full 0):
 PSYoungGen      total 14336K, used 14311K [0x0000000795580000, 0x0000000796f80000, 0x00000007c0000000)
  eden space 10752K, 100% used [0x0000000795580000,0x0000000796000000,0x0000000796000000)
  from space 3584K, 99% used [0x0000000796000000,0x0000000796379ee8,0x0000000796380000)
  to   space 4608K, 0% used [0x0000000796b00000,0x0000000796b00000,0x0000000796f80000)
 ParOldGen       total 129536K, used 5948K [0x0000000740000000, 0x0000000747e80000, 0x0000000795580000)
  object space 129536K, 4% used [0x0000000740000000,0x00000007405cf1f8,0x0000000747e80000)
 Metaspace       used 11501K, capacity 11666K, committed 11776K, reserved 1058816K
  class space    used 1382K, capacity 1438K, committed 1536K, reserved 1048576K
Event: 10.034 GC heap after
Heap after GC invocations=12 (full 0):
 PSYoungGen      total 22016K, used 2957K [0x0000000795580000, 0x0000000796f80000, 0x00000007c0000000)
  eden space 17408K, 0% used [0x0000000795580000,0x0000000795580000,0x0000000796680000)
  from space 4608K, 64% used [0x0000000796b00000,0x0000000796de3540,0x0000000796f80000)
  to   space 4608K, 0% used [0x0000000796680000,0x0000000796680000,0x0000000796b00000)
 ParOldGen       total 129536K, used 9279K [0x0000000740000000, 0x0000000747e80000, 0x0000000795580000)
  object space 129536K, 7% used [0x0000000740000000,0x000000074090fff0,0x0000000747e80000)
 Metaspace       used 11501K, capacity 11666K, committed 11776K, reserved 1058816K
  class space    used 1382K, capacity 1438K, committed 1536K, reserved 1048576K
}

