# JRE version: Java(TM) SE Runtime Environment (8.0_05-b13) (build 1.8.0_05-b13)
# Java VM: Java HotSpot(TM) 64-Bit Server VM (25.5-b02 mixed mode bsd-amd64 compressed oops)
Heap:
 PSYoungGen      total 5632K, used 2136K [0x0000000169580000, 0x0000000169c80000, 0x0000000194000000)
  eden space 4096K, 26% used [0x0000000169580000,0x0000000169691368,0x0000000169980000)
  from space 1536K, 67% used [0x0000000169b00000,0x0000000169c04f10,0x0000000169c80000)
  to   space 1536K, 0% used [0x0000000169980000,0x0000000169980000,0x0000000169b00000)
 ParOldGen       total 129536K, used 1123K [0x0000000114000000, 0x000000011be80000, 0x0000000169580000)
  object space 129536K, 0% used [0x0000000114000000,0x0000000114118d20,0x000000011be80000)
 Metaspace       used 6205K, capacity 6344K, committed 6400K, reserved 1056768K
  class space    used 709K, capacity 752K, committed 768K, reserved 1048576K
GC Heap History (10 events):
Event: 0.098 GC heap before
{Heap before GC invocations=2 (full 0):
 PSYoungGen      total 1024K, used 960K [0x0000000169580000, 0x0000000169780000, 0x0000000194000000)
  eden space 512K, 100% used [0x0000000169580000,0x0000000169600000,0x0000000169600000)
  from space 512K, 87% used [0x0000000169600000,0x0000000169670020,0x0000000169680000)
  to   space 512K, 0% used [0x0000000169700000,0x0000000169700000,0x0000000169780000)
 ParOldGen       total 129536K, used 8K [0x0000000114000000, 0x000000011be80000, 0x0000000169580000)
  object space 129536K, 0% used [0x0000000114000000,0x0000000114002000,0x000000011be80000)
 Metaspace       used 2805K, capacity 4486K, committed 4864K, reserved 1056768K
  class space    used 304K, capacity 386K, committed 512K, reserved 1048576K
Event: 0.098 GC heap after
Heap after GC invocations=2 (full 0):
 PSYoungGen      total 1536K, used 480K [0x0000000169580000, 0x0000000169780000, 0x0000000194000000)
  eden space 1024K, 0% used [0x0000000169580000,0x0000000169580000,0x0000000169680000)
  from space 512K, 93% used [0x0000000169700000,0x0000000169778020,0x0000000169780000)
  to   space 512K, 0% used [0x0000000169680000,0x0000000169680000,0x0000000169700000)
 ParOldGen       total 129536K, used 64K [0x0000000114000000, 0x000000011be80000, 0x0000000169580000)
  object space 129536K, 0% used [0x0000000114000000,0x0000000114010000,0x000000011be80000)
 Metaspace       used 2805K, capacity 4486K, committed 4864K, reserved 1056768K
  class space    used 304K, capacity 386K, committed 512K, reserved 1048576K
}
Event: 0.128 GC heap before
{Heap before GC invocations=3 (full 0):
 PSYoungGen      total 1536K, used 1504K [0x0000000169580000, 0x0000000169780000, 0x0000000194000000)
  eden space 1024K, 100% used [0x0000000169580000,0x0000000169680000,0x0000000169680000)
  from space 512K, 93% used [0x0000000169700000,0x0000000169778020,0x0000000169780000)
  to   space 512K, 0% used [0x0000000169680000,0x0000000169680000,0x0000000169700000)
 ParOldGen       total 129536K, used 64K [0x0000000114000000, 0x000000011be80000, 0x0000000169580000)
  object space 129536K, 0% used [0x0000000114000000,0x0000000114010000,0x000000011be80000)
 Metaspace       used 3148K, capacity 4720K, committed 4864K, reserved 1056768K
  class space    used 349K, capacity 424K, committed 512K, reserved 1048576K
Event: 0.129 GC heap after
Heap after GC invocations=3 (full 0):
 PSYoungGen      total 1536K, used 496K [0x0000000169580000, 0x0000000169880000, 0x0000000194000000)
  eden space 1024K, 0% used [0x0000000169580000,0x0000000169580000,0x0000000169680000)
  from space 512K, 96% used [0x0000000169680000,0x00000001696fc010,0x0000000169700000)
  to   space 512K, 0% used [0x0000000169800000,0x0000000169800000,0x0000000169880000)
 ParOldGen       total 129536K, used 257K [0x0000000114000000, 0x000000011be80000, 0x0000000169580000)
  object space 129536K, 0% used [0x0000000114000000,0x0000000114040780,0x000000011be80000)
 Metaspace       used 3148K, capacity 4720K, committed 4864K, reserved 1056768K
  class space    used 349K, capacity 424K, committed 512K, reserved 1048576K
}
Event: 0.180 GC heap before
{Heap before GC invocations=4 (full 0):
 PSYoungGen      total 1536K, used 1518K [0x0000000169580000, 0x0000000169880000, 0x0000000194000000)
  eden space 1024K, 99% used [0x0000000169580000,0x000000016967f9a0,0x0000000169680000)
  from space 512K, 96% used [0x0000000169680000,0x00000001696fc010,0x0000000169700000)
  to   space 512K, 0% used [0x0000000169800000,0x0000000169800000,0x0000000169880000)
 ParOldGen       total 129536K, used 257K [0x0000000114000000, 0x000000011be80000, 0x0000000169580000)
  object space 129536K, 0% used [0x0000000114000000,0x0000000114040780,0x000000011be80000)
 Metaspace       used 3931K, capacity 4886K, committed 5120K, reserved 1056768K
  class space    used 436K, capacity 462K, committed 512K, reserved 1048576K
Event: 0.181 GC heap after
Heap after GC invocations=4 (full 0):
 PSYoungGen      total 2560K, used 480K [0x0000000169580000, 0x0000000169880000, 0x0000000194000000)
  eden space 2048K, 0% used [0x0000000169580000,0x0000000169580000,0x0000000169780000)
  from space 512K, 93% used [0x0000000169800000,0x0000000169878020,0x0000000169880000)
  to   space 512K, 0% used [0x0000000169780000,0x0000000169780000,0x0000000169800000)
 ParOldGen       total 129536K, used 609K [0x0000000114000000, 0x000000011be80000, 0x0000000169580000)
  object space 129536K, 0% used [0x0000000114000000,0x0000000114098500,0x000000011be80000)
 Metaspace       used 3931K, capacity 4886K, committed 5120K, reserved 1056768K
  class space    used 436K, capacity 462K, committed 512K, reserved 1048576K
}
Event: 0.292 GC heap before
{Heap before GC invocations=5 (full 0):
 PSYoungGen      total 2560K, used 2528K [0x0000000169580000, 0x0000000169880000, 0x0000000194000000)
  eden space 2048K, 100% used [0x0000000169580000,0x0000000169780000,0x0000000169780000)
  from space 512K, 93% used [0x0000000169800000,0x0000000169878020,0x0000000169880000)
  to   space 512K, 0% used [0x0000000169780000,0x0000000169780000,0x0000000169800000)
 ParOldGen       total 129536K, used 609K [0x0000000114000000, 0x000000011be80000, 0x0000000169580000)
  object space 129536K, 0% used [0x0000000114000000,0x0000000114098500,0x000000011be80000)
 Metaspace       used 4505K, capacity 5304K, committed 5504K, reserved 1056768K
  class space    used 515K, capacity 560K, committed 640K, reserved 1048576K
Event: 0.293 GC heap after
Heap after GC invocations=5 (full 0):
 PSYoungGen      total 2560K, used 512K [0x0000000169580000, 0x0000000169c80000, 0x0000000194000000)
  eden space 2048K, 0% used [0x0000000169580000,0x0000000169580000,0x0000000169780000)
  from space 512K, 100% used [0x0000000169780000,0x0000000169800000,0x0000000169800000)
  to   space 1536K, 0% used [0x0000000169b00000,0x0000000169b00000,0x0000000169c80000)
 ParOldGen       total 129536K, used 1115K [0x0000000114000000, 0x000000011be80000, 0x0000000169580000)
  object space 129536K, 0% used [0x0000000114000000,0x0000000114116d20,0x000000011be80000)
 Metaspace       used 4505K, capacity 5304K, committed 5504K, reserved 1056768K
  class space    used 515K, capacity 560K, committed 640K, reserved 1048576K
}
Event: 10.295 GC heap before
{Heap before GC invocations=6 (full 0):
 PSYoungGen      total 2560K, used 2528K [0x0000000169580000, 0x0000000169c80000, 0x0000000194000000)
  eden space 2048K, 98% used [0x0000000169580000,0x00000001697783d0,0x0000000169780000)
  from space 512K, 100% used [0x0000000169780000,0x0000000169800000,0x0000000169800000)
  to   space 1536K, 0% used [0x0000000169b00000,0x0000000169b00000,0x0000000169c80000)
 ParOldGen       total 129536K, used 1115K [0x0000000114000000, 0x000000011be80000, 0x0000000169580000)
  object space 129536K, 0% used [0x0000000114000000,0x0000000114116d20,0x000000011be80000)
 Metaspace       used 5933K, capacity 6056K, committed 6144K, reserved 1056768K
  class space    used 680K, capacity 720K, committed 768K, reserved 1048576K
Event: 10.298 GC heap after
Heap after GC invocations=6 (full 0):
 PSYoungGen      total 5632K, used 1043K [0x0000000169580000, 0x0000000169c80000, 0x0000000194000000)
  eden space 4096K, 0% used [0x0000000169580000,0x0000000169580000,0x0000000169980000)
  from space 1536K, 67% used [0x0000000169b00000,0x0000000169c04f10,0x0000000169c80000)
  to   space 1536K, 0% used [0x0000000169980000,0x0000000169980000,0x0000000169b00000)
 ParOldGen       total 129536K, used 1123K [0x0000000114000000, 0x000000011be80000, 0x0000000169580000)
  object space 129536K, 0% used [0x0000000114000000,0x0000000114118d20,0x000000011be80000)
 Metaspace       used 5933K, capacity 6056K, committed 6144K, reserved 1056768K
  class space    used 680K, capacity 720K, committed 768K, reserved 1048576K
}

