# JRE version: Java(TM) SE Runtime Environment (8.0_05-b13) (build 1.8.0_05-b13)
# Java VM: Java HotSpot(TM) 64-Bit Server VM (25.5-b02 mixed mode bsd-amd64 compressed oops)
Heap:
 PSYoungGen      total 13824K, used 12707K [0x0000000795580000, 0x0000000796980000, 0x00000007c0000000)
  eden space 11776K, 90% used [0x0000000795580000,0x0000000795fef040,0x0000000796100000)
  from space 2048K, 98% used [0x0000000796480000,0x0000000796679bd8,0x0000000796680000)
  to   space 3584K, 0% used [0x0000000796100000,0x0000000796100000,0x0000000796480000)
 ParOldGen       total 129536K, used 5291K [0x0000000740000000, 0x0000000747e80000, 0x0000000795580000)
  object space 129536K, 4% used [0x0000000740000000,0x000000074052aeb0,0x0000000747e80000)
 Metaspace       used 11306K, capacity 11462K, committed 11776K, reserved 1058816K
  class space    used 1379K, capacity 1434K, committed 1536K, reserved 1048576K
GC Heap History (10 events):
Event: 6.915 GC heap before
{Heap before GC invocations=6 (full 0):
 PSYoungGen      total 2560K, used 2521K [0x0000000795580000, 0x0000000795c80000, 0x00000007c0000000)
  eden space 2048K, 99% used [0x0000000795580000,0x000000079577e458,0x0000000795780000)
  from space 512K, 93% used [0x0000000795780000,0x00000007957f8020,0x0000000795800000)
  to   space 1536K, 0% used [0x0000000795b00000,0x0000000795b00000,0x0000000795c80000)
 ParOldGen       total 129536K, used 1100K [0x0000000740000000, 0x0000000747e80000, 0x0000000795580000)
  object space 129536K, 0% used [0x0000000740000000,0x0000000740113270,0x0000000747e80000)
 Metaspace       used 5940K, capacity 6056K, committed 6144K, reserved 1056768K
  class space    used 680K, capacity 720K, committed 768K, reserved 1048576K
Event: 6.918 GC heap after
Heap after GC invocations=6 (full 0):
 PSYoungGen      total 5632K, used 1028K [0x0000000795580000, 0x0000000795c80000, 0x00000007c0000000)
  eden space 4096K, 0% used [0x0000000795580000,0x0000000795580000,0x0000000795980000)
  from space 1536K, 66% used [0x0000000795b00000,0x0000000795c012a8,0x0000000795c80000)
  to   space 1536K, 0% used [0x0000000795980000,0x0000000795980000,0x0000000795b00000)
 ParOldGen       total 129536K, used 1108K [0x0000000740000000, 0x0000000747e80000, 0x0000000795580000)
  object space 129536K, 0% used [0x0000000740000000,0x0000000740115270,0x0000000747e80000)
 Metaspace       used 5940K, capacity 6056K, committed 6144K, reserved 1056768K
  class space    used 680K, capacity 720K, committed 768K, reserved 1048576K
}
Event: 7.618 GC heap before
{Heap before GC invocations=7 (full 0):
 PSYoungGen      total 5632K, used 5124K [0x0000000795580000, 0x0000000795c80000, 0x00000007c0000000)
  eden space 4096K, 100% used [0x0000000795580000,0x0000000795980000,0x0000000795980000)
  from space 1536K, 66% used [0x0000000795b00000,0x0000000795c012a8,0x0000000795c80000)
  to   space 1536K, 0% used [0x0000000795980000,0x0000000795980000,0x0000000795b00000)
 ParOldGen       total 129536K, used 1108K [0x0000000740000000, 0x0000000747e80000, 0x0000000795580000)
  object space 129536K, 0% used [0x0000000740000000,0x0000000740115270,0x0000000747e80000)
 Metaspace       used 7136K, capacity 7232K, committed 7296K, reserved 1056768K
  class space    used 832K, capacity 856K, committed 896K, reserved 1048576K
Event: 7.622 GC heap after
Heap after GC invocations=7 (full 0):
 PSYoungGen      total 5632K, used 1108K [0x0000000795580000, 0x0000000796080000, 0x00000007c0000000)
  eden space 4096K, 0% used [0x0000000795580000,0x0000000795580000,0x0000000795980000)
  from space 1536K, 72% used [0x0000000795980000,0x0000000795a950e8,0x0000000795b00000)
  to   space 1536K, 0% used [0x0000000795f00000,0x0000000795f00000,0x0000000796080000)
 ParOldGen       total 129536K, used 1356K [0x0000000740000000, 0x0000000747e80000, 0x0000000795580000)
  object space 129536K, 1% used [0x0000000740000000,0x00000007401532b0,0x0000000747e80000)
 Metaspace       used 7136K, capacity 7232K, committed 7296K, reserved 1056768K
  class space    used 832K, capacity 856K, committed 896K, reserved 1048576K
}
Event: 7.697 GC heap before
{Heap before GC invocations=8 (full 0):
 PSYoungGen      total 5632K, used 5204K [0x0000000795580000, 0x0000000796080000, 0x00000007c0000000)
  eden space 4096K, 99% used [0x0000000795580000,0x000000079597ffe8,0x0000000795980000)
  from space 1536K, 72% used [0x0000000795980000,0x0000000795a950e8,0x0000000795b00000)
  to   space 1536K, 0% used [0x0000000795f00000,0x0000000795f00000,0x0000000796080000)
 ParOldGen       total 129536K, used 1356K [0x0000000740000000, 0x0000000747e80000, 0x0000000795580000)
  object space 129536K, 1% used [0x0000000740000000,0x00000007401532b0,0x0000000747e80000)
 Metaspace       used 8066K, capacity 8224K, committed 8448K, reserved 1056768K
  class space    used 968K, capacity 1016K, committed 1024K, reserved 1048576K
Event: 7.699 GC heap after
Heap after GC invocations=8 (full 0):
 PSYoungGen      total 9728K, used 1344K [0x0000000795580000, 0x0000000796080000, 0x00000007c0000000)
  eden space 8192K, 0% used [0x0000000795580000,0x0000000795580000,0x0000000795d80000)
  from space 1536K, 87% used [0x0000000795f00000,0x0000000796050060,0x0000000796080000)
  to   space 1536K, 0% used [0x0000000795d80000,0x0000000795d80000,0x0000000795f00000)
 ParOldGen       total 129536K, used 1468K [0x0000000740000000, 0x0000000747e80000, 0x0000000795580000)
  object space 129536K, 1% used [0x0000000740000000,0x000000074016f2b0,0x0000000747e80000)
 Metaspace       used 8066K, capacity 8224K, committed 8448K, reserved 1056768K
  class space    used 968K, capacity 1016K, committed 1024K, reserved 1048576K
}
Event: 7.808 GC heap before
{Heap before GC invocations=9 (full 0):
 PSYoungGen      total 9728K, used 9536K [0x0000000795580000, 0x0000000796080000, 0x00000007c0000000)
  eden space 8192K, 100% used [0x0000000795580000,0x0000000795d80000,0x0000000795d80000)
  from space 1536K, 87% used [0x0000000795f00000,0x0000000796050060,0x0000000796080000)
  to   space 1536K, 0% used [0x0000000795d80000,0x0000000795d80000,0x0000000795f00000)
 ParOldGen       total 129536K, used 1468K [0x0000000740000000, 0x0000000747e80000, 0x0000000795580000)
  object space 129536K, 1% used [0x0000000740000000,0x000000074016f2b0,0x0000000747e80000)
 Metaspace       used 9703K, capacity 9856K, committed 9984K, reserved 1058816K
  class space    used 1181K, capacity 1240K, committed 1280K, reserved 1048576K
Event: 7.810 GC heap after
Heap after GC invocations=9 (full 0):
 PSYoungGen      total 9728K, used 1408K [0x0000000795580000, 0x0000000796680000, 0x00000007c0000000)
  eden space 8192K, 0% used [0x0000000795580000,0x0000000795580000,0x0000000795d80000)
  from space 1536K, 91% used [0x0000000795d80000,0x0000000795ee0040,0x0000000795f00000)
  to   space 2048K, 0% used [0x0000000796480000,0x0000000796480000,0x0000000796680000)
 ParOldGen       total 129536K, used 1828K [0x0000000740000000, 0x0000000747e80000, 0x0000000795580000)
  object space 129536K, 1% used [0x0000000740000000,0x00000007401c92b0,0x0000000747e80000)
 Metaspace       used 9703K, capacity 9856K, committed 9984K, reserved 1058816K
  class space    used 1181K, capacity 1240K, committed 1280K, reserved 1048576K
}
Event: 8.131 GC heap before
{Heap before GC invocations=10 (full 0):
 PSYoungGen      total 9728K, used 9600K [0x0000000795580000, 0x0000000796680000, 0x00000007c0000000)
  eden space 8192K, 100% used [0x0000000795580000,0x0000000795d80000,0x0000000795d80000)
  from space 1536K, 91% used [0x0000000795d80000,0x0000000795ee0040,0x0000000795f00000)
  to   space 2048K, 0% used [0x0000000796480000,0x0000000796480000,0x0000000796680000)
 ParOldGen       total 129536K, used 1828K [0x0000000740000000, 0x0000000747e80000, 0x0000000795580000)
  object space 129536K, 1% used [0x0000000740000000,0x00000007401c92b0,0x0000000747e80000)
 Metaspace       used 10578K, capacity 10656K, committed 10880K, reserved 1058816K
  class space    used 1289K, capacity 1336K, committed 1408K, reserved 1048576K
Event: 8.137 GC heap after
Heap after GC invocations=10 (full 0):
 PSYoungGen      total 13824K, used 2022K [0x0000000795580000, 0x0000000796980000, 0x00000007c0000000)
  eden space 11776K, 0% used [0x0000000795580000,0x0000000795580000,0x0000000796100000)
  from space 2048K, 98% used [0x0000000796480000,0x0000000796679bd8,0x0000000796680000)
  to   space 3584K, 0% used [0x0000000796100000,0x0000000796100000,0x0000000796480000)
 ParOldGen       total 129536K, used 5291K [0x0000000740000000, 0x0000000747e80000, 0x0000000795580000)
  object space 129536K, 4% used [0x0000000740000000,0x000000074052aeb0,0x0000000747e80000)
 Metaspace       used 10578K, capacity 10656K, committed 10880K, reserved 1058816K
  class space    used 1289K, capacity 1336K, committed 1408K, reserved 1048576K
}

